<?xml version="1.0" encoding="UTF-8"?>
<testsuite xmlns:xsi="http://www.w3.org/2001/XMLSchema-instance" xsi:noNamespaceSchemaLocation="https://maven.apache.org/surefire/maven-surefire-plugin/xsd/surefire-test-report-3.0.xsd" version="3.0" name="model.SudokuBoardTest" time="0.243" tests="59" errors="0" skipped="0" failures="0">
  <properties>
[...]
</properties>
  <testcase name="testFillBoardWithInitiallyCorrectBoards(int[][])[1]" classname="model.SudokuBoardTest" time="0.052"/>
  <testcase name="testFillBoardWithInitiallyCorrectBoards(int[][])[2]" classname="model.SudokuBoardTest" time="0.003"/>
  <testcase name="testFillBoardWithInitiallyCorrectBoards(int[][])[3]" classname="model.SudokuBoardTest" time="0.001"/>
  <testcase name="testFillBoardWithInitiallyCorrectBoards(int[][])[4]" classname="model.SudokuBoardTest" time="0.0"/>
  <testcase name="testFillBoardCorrectness" classname="model.SudokuBoardTest" time="0.004"/>
  <testcase name="testFillBoardWithInitiallyWrongBoards(int[][])[1]" classname="model.SudokuBoardTest" time="0.003"/>
  <testcase name="testFillBoardWithInitiallyWrongBoards(int[][])[2]" classname="model.SudokuBoardTest" time="0.002"/>
  <testcase name="testFillBoardWithInitiallyWrongBoards(int[][])[3]" classname="model.SudokuBoardTest" time="0.002"/>
  <testcase name="testFillBoardWithInitiallyWrongBoards(int[][])[4]" classname="model.SudokuBoardTest" time="0.0"/>
  <testcase name="testFillBoardSubsequentCalls" classname="model.SudokuBoardTest" time="0.006"/>
  <testcase name="testFillBoardSubsequentCalls" classname="model.SudokuBoardTest" time="0.003"/>
  <testcase name="testFillBoardSubsequentCalls" classname="model.SudokuBoardTest" time="0.002"/>
  <testcase name="testFillBoardSubsequentCalls" classname="model.SudokuBoardTest" time="0.001"/>
  <testcase name="testFillBoardSubsequentCalls" classname="model.SudokuBoardTest" time="0.0"/>
  <testcase name="testFillBoardSubsequentCalls" classname="model.SudokuBoardTest" time="0.001"/>
  <testcase name="testFillBoardSubsequentCalls" classname="model.SudokuBoardTest" time="0.001"/>
  <testcase name="testFillBoardSubsequentCalls" classname="model.SudokuBoardTest" time="0.0"/>
  <testcase name="testFillBoardSubsequentCalls" classname="model.SudokuBoardTest" time="0.0"/>
  <testcase name="testFillBoardSubsequentCalls" classname="model.SudokuBoardTest" time="0.0"/>
  <testcase name="testFillBoardSubsequentCalls" classname="model.SudokuBoardTest" time="0.0"/>
  <testcase name="testFillBoardSubsequentCalls" classname="model.SudokuBoardTest" time="0.0"/>
  <testcase name="testFillBoardSubsequentCalls" classname="model.SudokuBoardTest" time="0.0"/>
  <testcase name="testFillBoardSubsequentCalls" classname="model.SudokuBoardTest" time="0.001"/>
  <testcase name="testFillBoardSubsequentCalls" classname="model.SudokuBoardTest" time="0.0"/>
  <testcase name="testFillBoardSubsequentCalls" classname="model.SudokuBoardTest" time="0.0"/>
  <testcase name="testFillBoardSubsequentCalls" classname="model.SudokuBoardTest" time="0.0"/>
  <testcase name="testFillBoardSubsequentCalls" classname="model.SudokuBoardTest" time="0.0"/>
  <testcase name="testFillBoardSubsequentCalls" classname="model.SudokuBoardTest" time="0.0"/>
  <testcase name="testFillBoardSubsequentCalls" classname="model.SudokuBoardTest" time="0.0"/>
  <testcase name="testFillBoardSubsequentCalls" classname="model.SudokuBoardTest" time="0.0"/>
  <testcase name="testFillBoardSubsequentCalls" classname="model.SudokuBoardTest" time="0.009"/>
  <testcase name="testFillBoardSubsequentCalls" classname="model.SudokuBoardTest" time="0.002"/>
  <testcase name="testFillBoardSubsequentCalls" classname="model.SudokuBoardTest" time="0.0"/>
  <testcase name="testFillBoardSubsequentCalls" classname="model.SudokuBoardTest" time="0.0"/>
  <testcase name="testFillBoardSubsequentCalls" classname="model.SudokuBoardTest" time="0.0"/>
  <testcase name="testFillBoardSubsequentCalls" classname="model.SudokuBoardTest" time="0.0"/>
  <testcase name="testFillBoardSubsequentCalls" classname="model.SudokuBoardTest" time="0.0"/>
  <testcase name="testFillBoardSubsequentCalls" classname="model.SudokuBoardTest" time="0.0"/>
  <testcase name="testFillBoardSubsequentCalls" classname="model.SudokuBoardTest" time="0.0"/>
  <testcase name="testFillBoardSubsequentCalls" classname="model.SudokuBoardTest" time="0.0"/>
  <testcase name="testFillBoardSubsequentCalls" classname="model.SudokuBoardTest" time="0.0"/>
  <testcase name="testFillBoardSubsequentCalls" classname="model.SudokuBoardTest" time="0.001"/>
  <testcase name="testFillBoardSubsequentCalls" classname="model.SudokuBoardTest" time="0.0"/>
  <testcase name="testFillBoardSubsequentCalls" classname="model.SudokuBoardTest" time="0.0"/>
  <testcase name="testFillBoardSubsequentCalls" classname="model.SudokuBoardTest" time="0.0"/>
  <testcase name="testFillBoardSubsequentCalls" classname="model.SudokuBoardTest" time="0.006"/>
  <testcase name="testFillBoardSubsequentCalls" classname="model.SudokuBoardTest" time="0.001"/>
  <testcase name="testFillBoardSubsequentCalls" classname="model.SudokuBoardTest" time="0.002"/>
  <testcase name="testFillBoardSubsequentCalls" classname="model.SudokuBoardTest" time="0.001"/>
  <testcase name="testFillBoardSubsequentCalls" classname="model.SudokuBoardTest" time="0.001"/>
  <testcase name="testFillBoardSubsequentCalls" classname="model.SudokuBoardTest" time="0.0"/>
  <testcase name="testFillBoardSubsequentCalls" classname="model.SudokuBoardTest" time="0.0"/>
  <testcase name="testFillBoardSubsequentCalls" classname="model.SudokuBoardTest" time="0.0"/>
  <testcase name="testFillBoardSubsequentCalls" classname="model.SudokuBoardTest" time="0.0"/>
  <testcase name="testFillBoardSubsequentCalls" classname="model.SudokuBoardTest" time="0.002"/>
  <testcase name="testFillBoardSubsequentCalls" classname="model.SudokuBoardTest" time="0.0"/>
  <testcase name="testFillBoardSubsequentCalls" classname="model.SudokuBoardTest" time="0.0"/>
  <testcase name="testFillBoardSubsequentCalls" classname="model.SudokuBoardTest" time="0.0"/>
  <testcase name="testFillBoardSubsequentCalls" classname="model.SudokuBoardTest" time="0.0"/>
</testsuite>